------------------------------------------------------------------------------------------------------------------------

[2025-02-13 19:34:11 #1 store] 
Database 'C:\Sin\Player_Data\src\main\resources\data\player_data.odb' is opened by 9096@Administrador

[2025-02-13 19:34:11 #2 store] 
Configuration path: ?

[2025-02-13 19:34:11 #3 type] 
Type model.Person is not enhanced.

[2025-02-13 19:34:11 #4 type] 
Type model.Player is not enhanced.

[2025-02-13 19:34:11 #5 type] 
Type model.Region is not enhanced.

[2025-02-13 19:34:11 #6 type] 
Type model.Server is not enhanced.

------------------------------------------------------------------------------------------------------------------------

[2025-02-13 19:53:40 #1 store] 
Database 'C:\Sin\Player_Data\src\main\resources\data\player_data.odb' has been recovered (tr. 10-10)

[2025-02-13 19:53:40 #2 store] 
Database 'C:\Sin\Player_Data\src\main\resources\data\player_data.odb' is opened by 1396@Administrador

[2025-02-13 19:53:40 #3 store] 
Configuration path: ?

[2025-02-13 19:53:40 #4 type] 
Type model.Person is not enhanced.

[2025-02-13 19:53:40 #5 type] 
Type model.Player is not enhanced.

[2025-02-13 19:53:40 #6 type] 
Type model.Region is not enhanced.

[2025-02-13 19:53:40 #7 type] 
Type model.Server is not enhanced.

------------------------------------------------------------------------------------------------------------------------

[2025-02-13 19:54:21 #1 store] 
Database 'C:\Sin\Player_Data\src\main\resources\data\player_data.odb' is opened by 6572@Administrador

[2025-02-13 19:54:21 #2 store] 
Configuration path: ?

[2025-02-13 19:54:21 #3 type] 
Type model.Person is not enhanced.

[2025-02-13 19:54:21 #4 type] 
Type model.Player is not enhanced.

[2025-02-13 19:54:21 #5 type] 
Type model.Region is not enhanced.

[2025-02-13 19:54:21 #6 type] 
Type model.Server is not enhanced.

------------------------------------------------------------------------------------------------------------------------

[2025-02-13 19:57:19 #1 store] 
Database 'C:\Sin\Player_Data\src\main\resources\data\player_data.odb' is opened by 9792@Administrador

[2025-02-13 19:57:19 #2 store] 
Configuration path: ?

[2025-02-13 19:57:20 #3 type] 
Type model.Person is not enhanced.

[2025-02-13 19:57:20 #4 type] 
Type model.Player is not enhanced.

[2025-02-13 19:57:20 #5 type] 
Type model.Region is not enhanced.

[2025-02-13 19:57:20 #6 type] 
Type model.Server is not enhanced.

------------------------------------------------------------------------------------------------------------------------

[2025-02-13 19:58:35 #1 store] 
Database 'C:\Sin\Player_Data\src\main\resources\data\player_data.odb' is opened by 3236@Administrador

[2025-02-13 19:58:35 #2 store] 
Configuration path: ?

[2025-02-13 19:58:35 #3 type] 
Type model.Person is not enhanced.

[2025-02-13 19:58:35 #4 type] 
Type model.Player is not enhanced.

[2025-02-13 19:58:35 #5 type] 
Type model.Region is not enhanced.

[2025-02-13 19:58:35 #6 type] 
Type model.Server is not enhanced.

------------------------------------------------------------------------------------------------------------------------

[2025-02-13 20:00:33 #1 store] 
Database 'C:\Sin\Player_Data\src\main\resources\data\player_data.odb' has been recovered (tr. 11-12)

[2025-02-13 20:00:34 #2 store] 
Database 'C:\Sin\Player_Data\src\main\resources\data\player_data.odb' is opened by 7792@Administrador

[2025-02-13 20:00:34 #3 store] 
Configuration path: ?

[2025-02-13 20:00:34 #4 type] 
Type model.Person is not enhanced.

[2025-02-13 20:00:34 #5 type] 
Type model.Player is not enhanced.

[2025-02-13 20:00:34 #6 type] 
Type model.Region is not enhanced.

[2025-02-13 20:00:34 #7 type] 
Type model.Server is not enhanced.

------------------------------------------------------------------------------------------------------------------------

[2025-02-13 20:02:21 #1 store] 
Database 'C:\Sin\Player_Data\src\main\resources\data\player_data.odb' is opened by 2848@Administrador

[2025-02-13 20:02:21 #2 store] 
Configuration path: ?

[2025-02-13 20:02:21 #3 type] 
Type model.Person is not enhanced.

[2025-02-13 20:02:21 #4 type] 
Type model.Player is not enhanced.

[2025-02-13 20:02:21 #5 type] 
Type model.Region is not enhanced.

[2025-02-13 20:02:21 #6 type] 
Type model.Server is not enhanced.

------------------------------------------------------------------------------------------------------------------------

[2025-02-13 20:06:27 #1 store] 
Database 'C:\Sin\Player_Data\src\main\resources\data\player_data.odb' is opened by 300@Administrador

[2025-02-13 20:06:27 #2 store] 
Configuration path: ?

[2025-02-13 20:06:27 #3 type] 
Type model.Person is not enhanced.

[2025-02-13 20:06:27 #4 type] 
Type model.Player is not enhanced.

[2025-02-13 20:06:27 #5 type] 
Type model.Region is not enhanced.

[2025-02-13 20:06:27 #6 type] 
Type model.Server is not enhanced.

------------------------------------------------------------------------------------------------------------------------

[2025-02-13 20:10:43 #1 store] 
Database 'C:\Sin\Player_Data\src\main\resources\data\player_data.odb' is opened by 1508@Administrador

[2025-02-13 20:10:43 #2 store] 
Configuration path: ?

[2025-02-13 20:10:44 #3 type] 
Type model.Person is not enhanced.

[2025-02-13 20:10:44 #4 type] 
Type model.Player is not enhanced.

[2025-02-13 20:10:44 #5 type] 
Type model.Region is not enhanced.

[2025-02-13 20:10:44 #6 type] 
Type model.Server is not enhanced.

