2024-12-02 17:58:54 INFO  main.principal - Main: Properties and logger loaded
2024-12-02 17:58:54 INFO  main.principal - Main: Getting controller...
2024-12-02 17:58:56 INFO  data.PlayerDataAccess - PlayerDataAccess: Instantiated
2024-12-02 17:58:56 INFO  org.hibernate.Version - HHH000412: Hibernate ORM core version 6.6.1.Final
2024-12-02 17:58:56 INFO  data.database.PlayerDBA - PlayerDBA: Instantiated
2024-12-02 17:58:56 INFO  main.principal - Main: Controller loaded
2024-12-02 17:58:56 INFO  control.PlayerControl - Finished building player frame
2024-12-02 17:58:56 INFO  data.PlayerDataAccess - Initializing region server: Reading config file...
2024-12-02 17:58:56 INFO  data.PlayerDataAccess - Initializing region server: Region server map updated!
2024-12-02 17:59:10 INFO  control.PlayerControl - Import data: Processing...
2024-12-02 17:59:10 INFO  control.PlayerControl - Save: Processing...
2024-12-02 17:59:10 INFO  control.PlayerControl - Save: Current data source is NONE, returning...
2024-12-02 17:59:10 INFO  control.PlayerControl - Import data: Calling Data source chooser...
2024-12-02 17:59:13 INFO  control.PlayerControl - Handling Data source for Import data: Processing...
2024-12-02 17:59:13 INFO  Interface.GeneralDataAccess - Setting DataSource...
2024-12-02 17:59:13 INFO  Interface.GeneralDataAccess - DataSource is set to: FILE
2024-12-02 17:59:13 INFO  control.PlayerControl - Notify listener: Processing with code: dataSource_set
2024-12-02 17:59:13 INFO  control.PlayerControl - Notify listener: Process finished!
2024-12-02 17:59:13 INFO  control.PlayerControl - Import file: Processing...
2024-12-02 17:59:13 INFO  Interface.GeneralDataAccess - Setting FileType...
2024-12-02 17:59:13 INFO  Interface.GeneralDataAccess - FileType is set to: TXT
2024-12-02 17:59:13 INFO  control.PlayerControl - Import file: Fetching file path...
2024-12-02 17:59:13 INFO  Interface.GeneralDataAccess - Get path: Getting path with file type paragram: TXT
2024-12-02 17:59:15 INFO  Interface.GeneralDataAccess - Get path: Finished get path with paragram!
2024-12-02 17:59:15 INFO  Interface.GeneralDataAccess - Set file path: Path is set to C:\Sin\Player_Data\src\main\resources\import\player_txt.txt
2024-12-02 17:59:15 INFO  Interface.GeneralDataAccess - Set file path: DataSource is set to: File
2024-12-02 17:59:15 INFO  data.PlayerDataAccess - Read: Reading data from FILE
2024-12-02 17:59:15 INFO  data.PlayerDataAccess - Read: Data source is FILE, calling file reader...
2024-12-02 17:59:15 INFO  data.PlayerDataAccess - isDataValid: Validating imported data...
2024-12-02 17:59:15 INFO  data.PlayerDataAccess - isDataValid: Data is valid
2024-12-02 17:59:15 INFO  data.PlayerDataAccess - Read: Finished reading data!
2024-12-02 17:59:15 INFO  control.PlayerControl - Notify listener: Processing with code: data_changed
2024-12-02 17:59:15 INFO  control.PlayerControl - Notify listener: Process finished!
2024-12-02 17:59:15 INFO  control.PlayerControl - Import file: Process finished!
2024-12-02 17:59:15 INFO  control.PlayerControl - Handling Data source for Import data: Process finished!
2024-12-02 17:59:15 INFO  control.PlayerControl - Import data: Process finished!
2024-12-02 17:59:44 INFO  control.PlayerControl - Save: Processing...
2024-12-02 17:59:44 INFO  control.PlayerControl - Save: Current data source is FILE, saving...
2024-12-02 17:59:44 INFO  data.PlayerDataAccess - Save: Saving data to FILE
2024-12-02 17:59:44 INFO  data.PlayerDataAccess - Save: Finished saving data!
2024-12-02 17:59:44 INFO  control.PlayerControl - Notify listener: Processing with code: data_saved
2024-12-02 17:59:44 INFO  control.PlayerControl - Notify listener: Process finished!
2024-12-02 17:59:44 INFO  control.PlayerControl - Save: Process finished!
2024-12-02 17:59:44 INFO  control.PlayerControl - Shutting down
