------------------------------------------------------------------------------------------------------------------------

[2025-02-10 16:58:22 #1 store] 
Database 'C:\main\resources\data\player_data.odb' is opened by 3600@Administrador

[2025-02-10 16:58:22 #2 store] 
Configuration path: ?

[2025-02-10 16:58:36 #3 store] 
Database 'C:\main\resources\data\player_data.odb' is closed by 3600@Administrador

------------------------------------------------------------------------------------------------------------------------

[2025-02-10 17:00:02 #1 store] 
Database 'C:\main\resources\data\player_data.odb' is opened by 6712@Administrador

[2025-02-10 17:00:02 #2 store] 
Configuration path: ?

[2025-02-10 17:01:49 #3 store] 
Database 'C:\main\resources\data\player_data.odb' is closed by 6712@Administrador

------------------------------------------------------------------------------------------------------------------------

[2025-02-10 17:02:20 #1 store] 
Database 'C:\Sin\Player_Data\main\resources\data\player_data.odb' is opened by 1852@Administrador

[2025-02-10 17:02:20 #2 store] 
Configuration path: ?

[2025-02-10 17:02:20 #3 type] 
Type model.Person is not enhanced.

[2025-02-10 17:02:20 #4 type] 
Type model.Player is not enhanced.

[2025-02-10 17:02:20 #5 type] 
Type model.Region is not enhanced.

[2025-02-10 17:02:20 #6 type] 
Type model.Server is not enhanced.

------------------------------------------------------------------------------------------------------------------------

[2025-02-10 17:02:57 #1 store] 
Database 'C:\Sin\Player_Data\main\resources\data\player_data.odb' has been recovered (tr. 1-3)

[2025-02-10 17:02:57 #2 store] 
Database 'C:\Sin\Player_Data\main\resources\data\player_data.odb' is opened by 8740@Administrador

[2025-02-10 17:02:57 #3 store] 
Configuration path: ?

[2025-02-10 17:02:58 #4 type] 
Type model.Person is not enhanced.

[2025-02-10 17:02:58 #5 type] 
Type model.Player is not enhanced.

[2025-02-10 17:02:58 #6 type] 
Type model.Region is not enhanced.

[2025-02-10 17:02:58 #7 type] 
Type model.Server is not enhanced.

------------------------------------------------------------------------------------------------------------------------

[2025-02-10 17:04:05 #1 store] 
Database 'C:\Sin\Player_Data\main\resources\data\player_data.odb' is opened by 10320@Administrador

[2025-02-10 17:04:05 #2 store] 
Configuration path: ?

[2025-02-10 17:04:21 #3 store] 
Database 'C:\Sin\Player_Data\main\resources\data\player_data.odb' is closed by 10320@Administrador

------------------------------------------------------------------------------------------------------------------------

[2025-02-10 17:04:43 #1 store] 
Database 'C:\Sin\Player_Data\main\resources\data\player_data.odb' is opened by 9716@Administrador

[2025-02-10 17:04:43 #2 store] 
Configuration path: ?

[2025-02-10 17:04:43 #3 type] 
Type model.Person is not enhanced.

[2025-02-10 17:04:43 #4 type] 
Type model.Player is not enhanced.

[2025-02-10 17:04:43 #5 type] 
Type model.Region is not enhanced.

[2025-02-10 17:04:43 #6 type] 
Type model.Server is not enhanced.

------------------------------------------------------------------------------------------------------------------------

[2025-02-10 17:06:44 #1 store] 
Database 'C:\Sin\Player_Data\main\resources\data\player_data.odb' is opened by 7052@Administrador

[2025-02-10 17:06:44 #2 store] 
Configuration path: ?

[2025-02-10 17:06:44 #3 type] 
Type model.Person is not enhanced.

[2025-02-10 17:06:44 #4 type] 
Type model.Player is not enhanced.

[2025-02-10 17:06:44 #5 type] 
Type model.Region is not enhanced.

[2025-02-10 17:06:44 #6 type] 
Type model.Server is not enhanced.

------------------------------------------------------------------------------------------------------------------------

[2025-02-10 17:08:10 #1 store] 
Database 'C:\Sin\Player_Data\main\resources\data\player_data.odb' is opened by 5976@Administrador

[2025-02-10 17:08:10 #2 store] 
Configuration path: ?

[2025-02-10 17:08:10 #3 type] 
Type model.Person is not enhanced.

[2025-02-10 17:08:10 #4 type] 
Type model.Player is not enhanced.

[2025-02-10 17:08:10 #5 type] 
Type model.Region is not enhanced.

[2025-02-10 17:08:10 #6 type] 
Type model.Server is not enhanced.

------------------------------------------------------------------------------------------------------------------------

[2025-02-10 17:11:05 #1 store] 
Database 'C:\Sin\Player_Data\main\resources\data\player_data.odb' is opened by 9184@Administrador

[2025-02-10 17:11:05 #2 store] 
Configuration path: ?

[2025-02-10 17:11:05 #3 type] 
Type model.Person is not enhanced.

[2025-02-10 17:11:05 #4 type] 
Type model.Player is not enhanced.

[2025-02-10 17:11:05 #5 type] 
Type model.Region is not enhanced.

[2025-02-10 17:11:05 #6 type] 
Type model.Server is not enhanced.

------------------------------------------------------------------------------------------------------------------------

[2025-02-10 17:11:22 #1 store] 
Database 'C:\Sin\Player_Data\main\resources\data\player_data.odb' has been recovered (tr. 4-4)

[2025-02-10 17:11:22 #2 store] 
Database 'C:\Sin\Player_Data\main\resources\data\player_data.odb' is opened by 10788@Administrador

[2025-02-10 17:11:22 #3 store] 
Configuration path: ?

[2025-02-10 17:12:01 #4 store] 
Database 'C:\Sin\Player_Data\main\resources\data\player_data.odb' is closed by 10788@Administrador

------------------------------------------------------------------------------------------------------------------------

[2025-02-10 17:36:00 #1 store] 
Database 'C:\Sin\Player_Data\main\resources\data\player_data.odb' is opened by 7116@Administrador

[2025-02-10 17:36:00 #2 store] 
Configuration path: ?

[2025-02-10 17:36:03 #3 store] 
Database 'C:\Sin\Player_Data\main\resources\data\player_data.odb' is closed by 7116@Administrador

------------------------------------------------------------------------------------------------------------------------

[2025-02-10 17:42:38 #1 store] 
Database 'C:\Sin\Player_Data\src\main\resources\data\player_data.odb' is opened by 12144@Administrador

[2025-02-10 17:42:38 #2 store] 
Configuration path: ?

[2025-02-10 17:42:38 #3 type] 
Type model.Person is not enhanced.

[2025-02-10 17:42:38 #4 type] 
Type model.Player is not enhanced.

[2025-02-10 17:42:38 #5 type] 
Type model.Region is not enhanced.

[2025-02-10 17:42:38 #6 type] 
Type model.Server is not enhanced.

------------------------------------------------------------------------------------------------------------------------

[2025-02-10 17:43:12 #1 store] 
Database 'C:\Sin\Player_Data\src\main\resources\data\player_data.odb' has been recovered (tr. 9-9)

[2025-02-10 17:43:12 #2 store] 
Database 'C:\Sin\Player_Data\src\main\resources\data\player_data.odb' is opened by 3112@Administrador

[2025-02-10 17:43:12 #3 store] 
Configuration path: ?

[2025-02-10 17:43:19 #4 store] 
Database 'C:\Sin\Player_Data\src\main\resources\data\player_data.odb' is closed by 3112@Administrador

