------------------------------------------------------------------------------------------------------------------------

[2025-01-09 16:44:47 #1 store] 
Database 'C:\main\resources\data\player_data.odb' is opened by 14228@Administrador

[2025-01-09 16:44:47 #2 store] 
Configuration path: ?

------------------------------------------------------------------------------------------------------------------------

[2025-01-09 16:49:21 #1 store] 
Database 'C:\main\resources\data\player_data.odb' has been recovered (tr. 1-2)

[2025-01-09 16:49:21 #2 store] 
Database 'C:\main\resources\data\player_data.odb' is opened by 13184@Administrador

[2025-01-09 16:49:21 #3 store] 
Configuration path: ?

------------------------------------------------------------------------------------------------------------------------

[2025-01-09 16:51:01 #1 store] 
Database 'C:\main\resources\data\player_data.odb' is opened by 676@Administrador

[2025-01-09 16:51:01 #2 store] 
Configuration path: ?

------------------------------------------------------------------------------------------------------------------------

[2025-01-09 16:51:53 #1 store] 
Database 'C:\main\resources\data\player_data.odb' has been recovered (tr. 3-3)

[2025-01-09 16:51:53 #2 store] 
Database 'C:\main\resources\data\player_data.odb' is opened by 8012@Administrador

[2025-01-09 16:51:53 #3 store] 
Configuration path: ?

------------------------------------------------------------------------------------------------------------------------

[2025-01-09 16:53:09 #1 store] 
Database 'C:\main\resources\data\player_data.odb' is opened by 4744@Administrador

[2025-01-09 16:53:09 #2 store] 
Configuration path: ?

------------------------------------------------------------------------------------------------------------------------

[2025-01-09 16:53:46 #1 store] 
Database 'C:\main\resources\data\player_data.odb' is opened by 4924@Administrador

[2025-01-09 16:53:46 #2 store] 
Configuration path: ?

------------------------------------------------------------------------------------------------------------------------

[2025-01-09 16:54:30 #1 store] 
Database 'C:\main\resources\data\player_data.odb' is opened by 3384@Administrador

[2025-01-09 16:54:30 #2 store] 
Configuration path: ?

------------------------------------------------------------------------------------------------------------------------

[2025-01-09 16:56:12 #1 store] 
Database 'C:\main\resources\data\player_data.odb' is opened by 9696@Administrador

[2025-01-09 16:56:12 #2 store] 
Configuration path: ?

------------------------------------------------------------------------------------------------------------------------

[2025-01-09 16:58:57 #1 store] 
Database 'C:\main\resources\data\player_data.odb' is opened by 14156@Administrador

[2025-01-09 16:58:57 #2 store] 
Configuration path: ?

------------------------------------------------------------------------------------------------------------------------

[2025-01-09 17:02:00 #1 store] 
Database 'C:\main\resources\data\player_data.odb' is opened by 12636@Administrador

[2025-01-09 17:02:00 #2 store] 
Configuration path: ?

[2025-01-09 17:02:00 #3 type] 
Type model.Person is not enhanced.

[2025-01-09 17:02:00 #4 type] 
Type model.Player is not enhanced.

[2025-01-09 17:02:00 #5 type] 
Type model.Region is not enhanced.

[2025-01-09 17:02:00 #6 type] 
Type model.Server is not enhanced.

------------------------------------------------------------------------------------------------------------------------

[2025-01-09 17:03:42 #1 store] 
Database 'C:\main\resources\data\player_data.odb' is opened by 14204@Administrador

[2025-01-09 17:03:42 #2 store] 
Configuration path: ?

[2025-01-09 17:03:42 #3 type] 
Type model.Person is not enhanced.

[2025-01-09 17:03:42 #4 type] 
Type model.Player is not enhanced.

[2025-01-09 17:03:42 #5 type] 
Type model.Region is not enhanced.

[2025-01-09 17:03:42 #6 type] 
Type model.Server is not enhanced.

------------------------------------------------------------------------------------------------------------------------

[2025-01-09 17:05:40 #1 store] 
Database 'C:\main\resources\data\player_data.odb' is opened by 10972@Administrador

[2025-01-09 17:05:40 #2 store] 
Configuration path: ?

[2025-01-09 17:05:40 #3 type] 
Type model.Person is not enhanced.

[2025-01-09 17:05:40 #4 type] 
Type model.Player is not enhanced.

[2025-01-09 17:05:40 #5 type] 
Type model.Region is not enhanced.

[2025-01-09 17:05:40 #6 type] 
Type model.Server is not enhanced.

------------------------------------------------------------------------------------------------------------------------

[2025-01-09 17:06:23 #1 store] 
Database 'C:\main\resources\data\player_data.odb' is opened by 6472@Administrador

[2025-01-09 17:06:23 #2 store] 
Configuration path: ?

[2025-01-09 17:06:23 #3 type] 
Type model.Person is not enhanced.

[2025-01-09 17:06:23 #4 type] 
Type model.Player is not enhanced.

[2025-01-09 17:06:23 #5 type] 
Type model.Region is not enhanced.

[2025-01-09 17:06:23 #6 type] 
Type model.Server is not enhanced.

------------------------------------------------------------------------------------------------------------------------

[2025-01-09 17:07:37 #1 store] 
Database 'C:\main\resources\data\player_data.odb' has been recovered (tr. 6-6)

[2025-01-09 17:07:37 #2 store] 
Database 'C:\main\resources\data\player_data.odb' is opened by 13816@Administrador

[2025-01-09 17:07:37 #3 store] 
Configuration path: ?

[2025-01-09 17:07:37 #4 type] 
Type model.Person is not enhanced.

[2025-01-09 17:07:37 #5 type] 
Type model.Player is not enhanced.

[2025-01-09 17:07:37 #6 type] 
Type model.Region is not enhanced.

[2025-01-09 17:07:37 #7 type] 
Type model.Server is not enhanced.

------------------------------------------------------------------------------------------------------------------------

[2025-01-09 17:12:49 #1 store] 
Database 'C:\main\resources\data\player_data.odb' has been recovered (tr. 7-7)

[2025-01-09 17:12:49 #2 store] 
Database 'C:\main\resources\data\player_data.odb' is opened by 1468@Administrador

[2025-01-09 17:12:49 #3 store] 
Configuration path: ?

[2025-01-09 17:12:49 #4 type] 
Type model.Person is not enhanced.

[2025-01-09 17:12:49 #5 type] 
Type model.Player is not enhanced.

[2025-01-09 17:12:49 #6 type] 
Type model.Region is not enhanced.

[2025-01-09 17:12:49 #7 type] 
Type model.Server is not enhanced.

------------------------------------------------------------------------------------------------------------------------

[2025-01-09 17:14:17 #1 store] 
Database 'C:\main\resources\data\player_data.odb' is opened by 6736@Administrador

[2025-01-09 17:14:17 #2 store] 
Configuration path: ?

[2025-01-09 17:14:17 #3 type] 
Type model.Person is not enhanced.

[2025-01-09 17:14:17 #4 type] 
Type model.Player is not enhanced.

[2025-01-09 17:14:17 #5 type] 
Type model.Region is not enhanced.

[2025-01-09 17:14:17 #6 type] 
Type model.Server is not enhanced.

------------------------------------------------------------------------------------------------------------------------

[2025-01-09 17:15:22 #1 store] 
Database 'C:\main\resources\data\player_data.odb' is opened by 13108@Administrador

[2025-01-09 17:15:22 #2 store] 
Configuration path: ?

[2025-01-09 17:15:22 #3 type] 
Type model.Person is not enhanced.

[2025-01-09 17:15:22 #4 type] 
Type model.Player is not enhanced.

[2025-01-09 17:15:22 #5 type] 
Type model.Region is not enhanced.

[2025-01-09 17:15:22 #6 type] 
Type model.Server is not enhanced.

